
> rrnagar-backend@0.1.0 dev
> nodemon index.js

[33m[nodemon] 3.1.11[39m
[33m[nodemon] to restart at any time, enter `rs`[39m
[33m[nodemon] watching path(s): *.*[39m
[33m[nodemon] watching extensions: js,mjs,cjs,json[39m
[32m[nodemon] starting `node index.js`[39m
Google OAuth not configured: set GOOGLE_CLIENT_ID and GOOGLE_CLIENT_SECRET to enable.
✓ Passport loaded
✓ Routes loaded
🚀 Cloud Run backend running on port 5000 
✓ Health endpoints available: /, /api/health, /api/auth/status
✓ All routes loaded and ready
✅ Database connected
[32m[nodemon] restarting due to changes...[39m
[32m[nodemon] starting `node index.js`[39m
Google OAuth not configured: set GOOGLE_CLIENT_ID and GOOGLE_CLIENT_SECRET to enable.
✓ Passport loaded
✓ Routes loaded
🚀 Cloud Run backend running on port 5000 
✓ Health endpoints available: /, /api/health, /api/auth/status
✓ All routes loaded and ready
✅ Database connected
✅ Database synced (altered to match models)
[32m[nodemon] restarting due to changes...[39m
Error: SyntaxError: Expected ':' after property name in JSON at position 4 (line 1 column 5)
    at JSON.parse (<anonymous>)
    at parse (D:\RRPN\backend\node_modules\body-parser\lib\types\json.js:74:19)
    at D:\RRPN\backend\node_modules\body-parser\lib\read.js:163:18
    at AsyncResource.runInAsyncScope (node:async_hooks:214:14)
    at invokeCallback (D:\RRPN\backend\node_modules\raw-body\index.js:238:16)
    at done (D:\RRPN\backend\node_modules\raw-body\index.js:227:7)
    at IncomingMessage.onEnd (D:\RRPN\backend\node_modules\raw-body\index.js:287:7)
    at IncomingMessage.emit (node:events:519:28)
    at endReadableNT (node:internal/streams/readable:1698:12)
    at process.processTicksAndRejections (node:internal/process/task_queues:90:21) {
  expose: true,
  statusCode: 400,
  status: 400,
  body: '{" "email:admin@local} ',
  type: 'entity.parse.failed'
}
[32m[nodemon] starting `node index.js`[39m
Google OAuth not configured: set GOOGLE_CLIENT_ID and GOOGLE_CLIENT_SECRET to enable.
✓ Passport loaded
✓ Routes loaded
🚀 Cloud Run backend running on port 5000 
✓ Health endpoints available: /, /api/health, /api/auth/status
✓ All routes loaded and ready
✅ Database connected
✅ Database synced (altered to match models)
